Running: C:\Xilinx\14.4\ISE_DS\ISE\bin\nt64\unwrapped\fuse.exe -intstyle ise -incremental -lib unisims_ver -lib unimacro_ver -lib xilinxcorelib_ver -lib secureip -o C:/Users/C200201/Downloads/CZ3001_Lab3/CZ3001_Lab3_Part1/test_bench_4_stage_pipeline_isim_beh.exe -prj C:/Users/C200201/Downloads/CZ3001_Lab3/CZ3001_Lab3_Part1/test_bench_4_stage_pipeline_beh.prj work.test_bench_4_stage_pipeline work.glbl 
ISim P.49d (signature 0x7708f090)
Number of CPUs detected in this system: 6
Turning on mult-threading, number of parallel sub-compilation jobs: 12 
Determining compilation order of HDL files
Analyzing Verilog file "C:/Users/C200201/Downloads/CZ3001_Lab3/CZ3001_Lab3_Part1/regfile.v" into library work
Analyzing Verilog file "C:/Users/C200201/Downloads/CZ3001_Lab3/CZ3001_Lab3_Part1/PC.v" into library work
Analyzing Verilog file "C:/Users/C200201/Downloads/CZ3001_Lab3/CZ3001_Lab3_Part1/imemory.v" into library work
Analyzing Verilog file "C:/Users/C200201/Downloads/CZ3001_Lab3/CZ3001_Lab3_Part1/ID_EXEstage.v" into library work
Analyzing Verilog file "C:/Users/C200201/Downloads/CZ3001_Lab3/CZ3001_Lab3_Part1/EXE_WBstage.v" into library work
Analyzing Verilog file "C:/Users/C200201/Downloads/CZ3001_Lab3/CZ3001_Lab3_Part1/control.v" into library work
Analyzing Verilog file "C:/Users/C200201/Downloads/CZ3001_Lab3/CZ3001_Lab3_Part1/alu.v" into library work
Analyzing Verilog file "C:/Users/C200201/Downloads/CZ3001_Lab3/CZ3001_Lab3_Part1/pipelined_regfile_4stage.v" into library work
Analyzing Verilog file "C:/Users/C200201/Downloads/CZ3001_Lab3/CZ3001_Lab3_Part1/test_bench_4_stage_pipeline.v" into library work
Analyzing Verilog file "C:/Xilinx/14.4/ISE_DS/ISE//verilog/src/glbl.v" into library work
Starting static elaboration
Completed static elaboration
Compiling module PC1
Compiling module imemory
Compiling module control
Compiling module regfile
Compiling module ID_EXE_stage
Compiling module alu
Compiling module EXE_WB_stage
Compiling module pipelined_regfile_4stage
Compiling module test_bench_4_stage_pipeline
Compiling module glbl
Time Resolution for simulation is 1ps.
Waiting for 1 sub-compilation(s) to finish...
Compiled 10 Verilog Units
Built simulation executable C:/Users/C200201/Downloads/CZ3001_Lab3/CZ3001_Lab3_Part1/test_bench_4_stage_pipeline_isim_beh.exe
Fuse Memory Usage: 34728 KB
Fuse CPU Usage: 968 ms
